#
# There is insufficient memory for the Java Runtime Environment to continue.
# Native memory allocation (malloc) failed to allocate 2117136 bytes for Chunk::new
# Possible reasons:
#   The system is out of physical RAM or swap space
#   The process is running with CompressedOops enabled, and the Java Heap may be blocking the growth of the native heap
# Possible solutions:
#   Reduce memory load on the system
#   Increase physical memory or swap space
#   Check if swap backing store is full
#   Decrease Java heap size (-Xmx/-Xms)
#   Decrease number of Java threads
#   Decrease Java thread stack sizes (-Xss)
#   Set larger code cache with -XX:ReservedCodeCacheSize=
#   JVM is running with Zero Based Compressed Oops mode in which the Java heap is
#     placed in the first 32GB address space. The Java Heap base address is the
#     maximum limit for the native heap growth. Please use -XX:HeapBaseMinAddress
#     to set the Java Heap base and to place the Java Heap above 32GB virtual address.
# This output file may be truncated or incomplete.
#
#  Out of Memory Error (allocation.cpp:389), pid=7584, tid=0x000000000000366c
#
# JRE version: Java(TM) SE Runtime Environment (8.0_241-b07) (build 1.8.0_241-b07)
# Java VM: Java HotSpot(TM) 64-Bit Server VM (25.241-b07 mixed mode windows-amd64 compressed oops)
# Failed to write core dump. Minidumps are not enabled by default on client versions of Windows
#

---------------  T H R E A D  ---------------

Current thread (0x0000000019918800):  JavaThread "C2 CompilerThread0" daemon [_thread_in_native, id=13932, stack(0x000000001af60000,0x000000001b060000)]

Stack: [0x000000001af60000,0x000000001b060000]
[error occurred during error reporting (printing stack bounds), id 0xc0000005]

Native frames: (J=compiled Java code, j=interpreted, Vv=VM code, C=native code)


Current CompileTask:
C2:  11664 3195       4       java.net.URLClassLoader$1::run (5 bytes)


---------------  P R O C E S S  ---------------

Java Threads: ( => current thread )
  0x000000001996e800 JavaThread "Service Thread" daemon [_thread_blocked, id=4400, stack(0x000000001b660000,0x000000001b760000)]
  0x0000000019928000 JavaThread "C1 CompilerThread2" daemon [_thread_blocked, id=6756, stack(0x000000001b160000,0x000000001b260000)]
  0x000000001991c000 JavaThread "C2 CompilerThread1" daemon [_thread_in_native, id=12240, stack(0x000000001b060000,0x000000001b160000)]
=>0x0000000019918800 JavaThread "C2 CompilerThread0" daemon [_thread_in_native, id=13932, stack(0x000000001af60000,0x000000001b060000)]
  0x0000000019916000 JavaThread "Attach Listener" daemon [_thread_blocked, id=5680, stack(0x000000001ae60000,0x000000001af60000)]
  0x0000000019914800 JavaThread "Signal Dispatcher" daemon [_thread_blocked, id=9748, stack(0x000000001ad60000,0x000000001ae60000)]
  0x00000000028ec000 JavaThread "Finalizer" daemon [_thread_blocked, id=11596, stack(0x000000001ab60000,0x000000001ac60000)]
  0x00000000028e3800 JavaThread "Reference Handler" daemon [_thread_blocked, id=14100, stack(0x000000001aa60000,0x000000001ab60000)]
  0x00000000027f2800 JavaThread "main" [_thread_in_vm, id=3592, stack(0x0000000002680000,0x0000000002780000)]

Other Threads:
  0x00000000198d7800 VMThread [stack: 0x000000001a960000,0x000000001aa60000] [id=13804]
  0x000000001b2aa800 WatcherThread [stack: 0x000000001b760000,0x000000001b860000] [id=5552]

VM state:not at safepoint (normal execution)

VM Mutex/Monitor currently owned by a thread: None

heap address: 0x0000000702c00000, size: 3028 MB, Compressed Oops mode: Zero based, Oop shift amount: 3
Narrow klass base: 0x0000000000000000, Narrow klass shift: 3
Compressed class space size: 1073741824 Address: 0x00000007c0000000

Heap:
 PSYoungGen      total 130560K, used 28285K [0x0000000780f00000, 0x000000078af00000, 0x00000007c0000000)
  eden space 98304K, 19% used [0x0000000780f00000,0x00000007821c7730,0x0000000786f00000)
  from space 32256K, 28% used [0x0000000788f80000,0x0000000789858020,0x000000078af00000)
  to   space 32768K, 0% used [0x0000000786f00000,0x0000000786f00000,0x0000000788f00000)
 ParOldGen       total 130048K, used 44997K [0x0000000702c00000, 0x000000070ab00000, 0x0000000780f00000)
  object space 130048K, 34% used [0x0000000702c00000,0x00000007057f1518,0x000000070ab00000)
 Metaspace       used 20337K, capacity 20726K, committed 20864K, reserved 1067008K
  class space    used 2422K, capacity 2581K, committed 2688K, reserved 1048576K

Card table byte_map: [0x0000000011cb0000,0x00000000122a0000] byte_map_base: 0x000000000e49a000

Marking Bits: (ParMarkBitMap*) 0x000000005202be30
 Begin Bits: [0x0000000012aa0000, 0x00000000159f0000)
 End Bits:   [0x00000000159f0000, 0x0000000018940000)

Polling page: 0x0000000000ec0000

CodeCache: size=245760Kb used=10265Kb max_used=10265Kb free=235494Kb
 bounds [0x00000000028f0000, 0x0000000003310000, 0x00000000118f0000]
 total_blobs=3390 nmethods=2991 adapters=311
 compilation: enabled

Compilation events (10 events):
Event: 11.211 Thread 0x0000000019928000 3215       3       com.sun.tools.javac.code.AnnoConstruct::<init> (5 bytes)
Event: 11.211 Thread 0x0000000019928000 nmethod 3215 0x00000000032ff250 code [0x00000000032ff3a0, 0x00000000032ff550]
Event: 11.211 Thread 0x0000000019928000 3216       3       com.sun.tools.javac.util.Names::fromString (9 bytes)
Event: 11.212 Thread 0x0000000019928000 nmethod 3216 0x00000000032ff610 code [0x00000000032ff7a0, 0x00000000032ffcd8]
Event: 11.212 Thread 0x0000000019928000 3217       3       com.sun.tools.javac.util.SharedNameTable::fromChars (187 bytes)
Event: 11.213 Thread 0x0000000019928000 nmethod 3217 0x00000000032fff10 code [0x0000000003300120, 0x0000000003300c38]
Event: 11.213 Thread 0x0000000019928000 3218       3       com.sun.tools.javac.util.Assert::check (8 bytes)
Event: 11.214 Thread 0x0000000019928000 nmethod 3218 0x00000000033012d0 code [0x0000000003301440, 0x00000000033016c8]
Event: 11.214 Thread 0x0000000019928000 3219       3       com.sun.tools.javac.util.List::<init> (15 bytes)
Event: 11.214 Thread 0x0000000019928000 nmethod 3219 0x0000000003301810 code [0x0000000003301980, 0x0000000003301bd0]

GC Heap History (10 events):
Event: 4.312 GC heap before
{Heap before GC invocations=2 (full 0):
 PSYoungGen      total 56832K, used 56473K [0x0000000780f00000, 0x0000000784e00000, 0x00000007c0000000)
  eden space 49152K, 100% used [0x0000000780f00000,0x0000000783f00000,0x0000000783f00000)
  from space 7680K, 95% used [0x0000000783f00000,0x00000007846266b8,0x0000000784680000)
  to   space 7680K, 0% used [0x0000000784680000,0x0000000784680000,0x0000000784e00000)
 ParOldGen       total 130048K, used 16K [0x0000000702c00000, 0x000000070ab00000, 0x0000000780f00000)
  object space 130048K, 0% used [0x0000000702c00000,0x0000000702c04000,0x000000070ab00000)
 Metaspace       used 14728K, capacity 14940K, committed 15232K, reserved 1062912K
  class space    used 1796K, capacity 1874K, committed 1920K, reserved 1048576K
Event: 4.332 GC heap after
Heap after GC invocations=2 (full 0):
 PSYoungGen      total 56832K, used 7667K [0x0000000780f00000, 0x0000000784e00000, 0x00000007c0000000)
  eden space 49152K, 0% used [0x0000000780f00000,0x0000000780f00000,0x0000000783f00000)
  from space 7680K, 99% used [0x0000000784680000,0x0000000784dfcd70,0x0000000784e00000)
  to   space 7680K, 0% used [0x0000000783f00000,0x0000000783f00000,0x0000000784680000)
 ParOldGen       total 130048K, used 2112K [0x0000000702c00000, 0x000000070ab00000, 0x0000000780f00000)
  object space 130048K, 1% used [0x0000000702c00000,0x0000000702e10230,0x000000070ab00000)
 Metaspace       used 14728K, capacity 14940K, committed 15232K, reserved 1062912K
  class space    used 1796K, capacity 1874K, committed 1920K, reserved 1048576K
}
Event: 5.996 GC heap before
{Heap before GC invocations=3 (full 0):
 PSYoungGen      total 56832K, used 56819K [0x0000000780f00000, 0x0000000784e00000, 0x00000007c0000000)
  eden space 49152K, 100% used [0x0000000780f00000,0x0000000783f00000,0x0000000783f00000)
  from space 7680K, 99% used [0x0000000784680000,0x0000000784dfcd70,0x0000000784e00000)
  to   space 7680K, 0% used [0x0000000783f00000,0x0000000783f00000,0x0000000784680000)
 ParOldGen       total 130048K, used 2112K [0x0000000702c00000, 0x000000070ab00000, 0x0000000780f00000)
  object space 130048K, 1% used [0x0000000702c00000,0x0000000702e10230,0x000000070ab00000)
 Metaspace       used 15546K, capacity 15802K, committed 16128K, reserved 1062912K
  class space    used 1850K, capacity 1943K, committed 2048K, reserved 1048576K
Event: 6.016 GC heap after
Heap after GC invocations=3 (full 0):
 PSYoungGen      total 56832K, used 7648K [0x0000000780f00000, 0x0000000784e00000, 0x00000007c0000000)
  eden space 49152K, 0% used [0x0000000780f00000,0x0000000780f00000,0x0000000783f00000)
  from space 7680K, 99% used [0x0000000783f00000,0x0000000784678020,0x0000000784680000)
  to   space 7680K, 0% used [0x0000000784680000,0x0000000784680000,0x0000000784e00000)
 ParOldGen       total 130048K, used 4325K [0x0000000702c00000, 0x000000070ab00000, 0x0000000780f00000)
  object space 130048K, 3% used [0x0000000702c00000,0x00000007030395d8,0x000000070ab00000)
 Metaspace       used 15546K, capacity 15802K, committed 16128K, reserved 1062912K
  class space    used 1850K, capacity 1943K, committed 2048K, reserved 1048576K
}
Event: 7.283 GC heap before
{Heap before GC invocations=4 (full 0):
 PSYoungGen      total 56832K, used 53475K [0x0000000780f00000, 0x0000000784e00000, 0x00000007c0000000)
  eden space 49152K, 93% used [0x0000000780f00000,0x0000000783bc0f68,0x0000000783f00000)
  from space 7680K, 99% used [0x0000000783f00000,0x0000000784678020,0x0000000784680000)
  to   space 7680K, 0% used [0x0000000784680000,0x0000000784680000,0x0000000784e00000)
 ParOldGen       total 130048K, used 4325K [0x0000000702c00000, 0x000000070ab00000, 0x0000000780f00000)
  object space 130048K, 3% used [0x0000000702c00000,0x00000007030395d8,0x000000070ab00000)
 Metaspace       used 17013K, capacity 17366K, committed 17536K, reserved 1064960K
  class space    used 1988K, capacity 2117K, committed 2176K, reserved 1048576K
Event: 7.320 GC heap after
Heap after GC invocations=4 (full 0):
 PSYoungGen      total 56832K, used 7648K [0x0000000780f00000, 0x0000000787e00000, 0x00000007c0000000)
  eden space 49152K, 0% used [0x0000000780f00000,0x0000000780f00000,0x0000000783f00000)
  from space 7680K, 99% used [0x0000000784680000,0x0000000784df8020,0x0000000784e00000)
  to   space 7680K, 0% used [0x0000000783f00000,0x0000000783f00000,0x0000000784680000)
 ParOldGen       total 130048K, used 25717K [0x0000000702c00000, 0x000000070ab00000, 0x0000000780f00000)
  object space 130048K, 19% used [0x0000000702c00000,0x000000070451d4f8,0x000000070ab00000)
 Metaspace       used 17013K, capacity 17366K, committed 17536K, reserved 1064960K
  class space    used 1988K, capacity 2117K, committed 2176K, reserved 1048576K
}
Event: 7.334 GC heap before
{Heap before GC invocations=5 (full 0):
 PSYoungGen      total 56832K, used 54639K [0x0000000780f00000, 0x0000000787e00000, 0x00000007c0000000)
  eden space 49152K, 95% used [0x0000000780f00000,0x0000000783ce3d28,0x0000000783f00000)
  from space 7680K, 99% used [0x0000000784680000,0x0000000784df8020,0x0000000784e00000)
  to   space 7680K, 0% used [0x0000000783f00000,0x0000000783f00000,0x0000000784680000)
 ParOldGen       total 130048K, used 25717K [0x0000000702c00000, 0x000000070ab00000, 0x0000000780f00000)
  object space 130048K, 19% used [0x0000000702c00000,0x000000070451d4f8,0x000000070ab00000)
 Metaspace       used 17074K, capacity 17430K, committed 17536K, reserved 1064960K
  class space    used 2000K, capacity 2117K, committed 2176K, reserved 1048576K
Event: 7.367 GC heap after
Heap after GC invocations=5 (full 0):
 PSYoungGen      total 56832K, used 7648K [0x0000000780f00000, 0x000000078b000000, 0x00000007c0000000)
  eden space 49152K, 0% used [0x0000000780f00000,0x0000000780f00000,0x0000000783f00000)
  from space 7680K, 99% used [0x0000000783f00000,0x0000000784678040,0x0000000784680000)
  to   space 33280K, 0% used [0x0000000788f80000,0x0000000788f80000,0x000000078b000000)
 ParOldGen       total 130048K, used 44989K [0x0000000702c00000, 0x000000070ab00000, 0x0000000780f00000)
  object space 130048K, 34% used [0x0000000702c00000,0x00000007057ef518,0x000000070ab00000)
 Metaspace       used 17074K, capacity 17430K, committed 17536K, reserved 1064960K
  class space    used 2000K, capacity 2117K, committed 2176K, reserved 1048576K
}
Event: 8.590 GC heap before
{Heap before GC invocations=6 (full 0):
 PSYoungGen      total 56832K, used 56800K [0x0000000780f00000, 0x000000078b000000, 0x00000007c0000000)
  eden space 49152K, 100% used [0x0000000780f00000,0x0000000783f00000,0x0000000783f00000)
  from space 7680K, 99% used [0x0000000783f00000,0x0000000784678040,0x0000000784680000)
  to   space 33280K, 0% used [0x0000000788f80000,0x0000000788f80000,0x000000078b000000)
 ParOldGen       total 130048K, used 44989K [0x0000000702c00000, 0x000000070ab00000, 0x0000000780f00000)
  object space 130048K, 34% used [0x0000000702c00000,0x00000007057ef518,0x000000070ab00000)
 Metaspace       used 17300K, capacity 17654K, committed 17792K, reserved 1064960K
  class space    used 2009K, capacity 2149K, committed 2176K, reserved 1048576K
Event: 8.606 GC heap after
Heap after GC invocations=6 (full 0):
 PSYoungGen      total 130560K, used 9056K [0x0000000780f00000, 0x000000078af00000, 0x00000007c0000000)
  eden space 98304K, 0% used [0x0000000780f00000,0x0000000780f00000,0x0000000786f00000)
  from space 32256K, 28% used [0x0000000788f80000,0x0000000789858020,0x000000078af00000)
  to   space 32768K, 0% used [0x0000000786f00000,0x0000000786f00000,0x0000000788f00000)
 ParOldGen       total 130048K, used 44997K [0x0000000702c00000, 0x000000070ab00000, 0x0000000780f00000)
  object space 130048K, 34% used [0x0000000702c00000,0x00000007057f1518,0x000000070ab00000)
 Metaspace       used 17300K, capacity 17654K, committed 17792K, reserved 1064960K
  class space    used 2009K, capacity 2149K, committed 2176K, reserved 1048576K
}

Deoptimization events (10 events):
Event: 7.103 Thread 0x00000000027f2800 Uncommon trap: reason=predicate action=maybe_recompile pc=0x00000000032546d0 method=java.util.TimSort.binarySort([Ljava/lang/Object;IIILjava/util/Comparator;)V @ 37
Event: 7.120 Thread 0x00000000027f2800 Uncommon trap: reason=class_check action=maybe_recompile pc=0x0000000002ddc00c method=com.google.inject.internal.LinkedBindingImpl.acceptTargetVisitor(Lcom/google/inject/spi/BindingTargetVisitor;)Ljava/lang/Object; @ 2
Event: 7.120 Thread 0x00000000027f2800 Uncommon trap: reason=class_check action=maybe_recompile pc=0x0000000002ddc00c method=com.google.inject.internal.LinkedBindingImpl.acceptTargetVisitor(Lcom/google/inject/spi/BindingTargetVisitor;)Ljava/lang/Object; @ 2
Event: 7.124 Thread 0x00000000027f2800 Uncommon trap: reason=null_check action=make_not_entrant pc=0x00000000031d8ef4 method=com.google.inject.internal.InjectorImpl.enterContext()Lcom/google/inject/internal/InternalContext; @ 7
Event: 7.138 Thread 0x00000000027f2800 Uncommon trap: reason=array_check action=maybe_recompile pc=0x0000000003275edc method=java.util.TimSort.binarySort([Ljava/lang/Object;IIILjava/util/Comparator;)V @ 183
Event: 10.548 Thread 0x00000000027f2800 Uncommon trap: reason=array_check action=maybe_recompile pc=0x0000000003275d50 method=java.util.TimSort.binarySort([Ljava/lang/Object;IIILjava/util/Comparator;)V @ 215
Event: 10.549 Thread 0x00000000027f2800 Uncommon trap: reason=array_check action=maybe_recompile pc=0x0000000003275d50 method=java.util.TimSort.binarySort([Ljava/lang/Object;IIILjava/util/Comparator;)V @ 215
Event: 10.549 Thread 0x00000000027f2800 Uncommon trap: reason=array_check action=maybe_recompile pc=0x0000000003275edc method=java.util.TimSort.binarySort([Ljava/lang/Object;IIILjava/util/Comparator;)V @ 183
Event: 10.959 Thread 0x00000000027f2800 Uncommon trap: reason=unstable_if action=reinterpret pc=0x0000000002a12288 method=java.net.URI.match(CJJ)Z @ 19
Event: 10.963 Thread 0x00000000027f2800 Uncommon trap: reason=unstable_if action=reinterpret pc=0x0000000003133cc8 method=java.nio.charset.CharsetDecoder.decode(Ljava/nio/ByteBuffer;Ljava/nio/CharBuffer;Z)Ljava/nio/charset/CoderResult; @ 1

Classes redefined (0 events):
No events

Internal exceptions (10 events):
Event: 3.987 Thread 0x00000000027f2800 Exception <a 'java/lang/NullPointerException'> (0x00000007833b69b8) thrown at [C:\ade\jenkins\workspace\8-2-build-windows-amd64-cygwin\jdk8u241\331\hotspot\src\share\vm\interpreter\linkResolver.cpp, line 1185]
Event: 4.039 Thread 0x00000000027f2800 Implicit null exception at 0x0000000002b3b4d6 to 0x0000000002b3b881
Event: 4.040 Thread 0x00000000027f2800 Implicit null exception at 0x0000000002aed719 to 0x0000000002aedaed
Event: 4.278 Thread 0x00000000027f2800 Implicit null exception at 0x0000000002ec4a2f to 0x0000000002ec5d5d
Event: 4.836 Thread 0x00000000027f2800 Implicit null exception at 0x0000000002fbd4c3 to 0x0000000002fbd70d
Event: 5.558 Thread 0x00000000027f2800 Implicit null exception at 0x0000000002caa155 to 0x0000000002caa355
Event: 5.561 Thread 0x00000000027f2800 Implicit null exception at 0x0000000002c126af to 0x0000000002c12719
Event: 6.578 Thread 0x00000000027f2800 Implicit null exception at 0x00000000031cdaa8 to 0x00000000031ce049
Event: 7.124 Thread 0x00000000027f2800 Implicit null exception at 0x00000000031d8a8f to 0x00000000031d8ee5
Event: 10.958 Thread 0x00000000027f2800 Exception <a 'java/lang/ClassNotFoundException': com/sun/tools/javac/api/JavacTool> (0x00000007819448c0) thrown at [C:\ade\jenkins\workspace\8-2-build-windows-amd64-cygwin\jdk8u241\331\hotspot\src\share\vm\classfile\systemDictionary.cpp, line 210]

Events (10 events):
Event: 11.630 loading class com/sun/tools/javac/comp/Attr$12
Event: 11.630 loading class com/sun/tools/javac/comp/Attr$12 done
Event: 11.634 loading class com/sun/tools/javac/comp/Attr$TypeAnnotationsValidator
Event: 11.634 loading class com/sun/tools/javac/comp/Attr$TypeAnnotationsValidator done
Event: 11.639 loading class com/sun/tools/javac/comp/Attr$FunctionalReturnContext
Event: 11.639 loading class com/sun/tools/javac/comp/Attr$FunctionalReturnContext done
Event: 11.640 loading class com/sun/tools/javac/comp/Check$NestedCheckContext
Event: 11.640 loading class com/sun/tools/javac/comp/Check$NestedCheckContext done
Event: 11.640 loading class com/sun/tools/javac/comp/Attr$ExpressionLambdaReturnContext
Event: 11.640 loading class com/sun/tools/javac/comp/Attr$ExpressionLambdaReturnContext done


Dynamic libraries:
0x00007ff700db0000 - 0x00007ff700de7000 	C:\Program Files\Java\jdk1.8.0_241\bin\java.exe
0x00007ffa65bf0000 - 0x00007ffa65de5000 	C:\WINDOWS\SYSTEM32\ntdll.dll
0x00007ffa63e00000 - 0x00007ffa63ebd000 	C:\WINDOWS\System32\KERNEL32.DLL
0x00007ffa635c0000 - 0x00007ffa63889000 	C:\WINDOWS\System32\KERNELBASE.dll
0x00007ffa655c0000 - 0x00007ffa6566c000 	C:\WINDOWS\System32\ADVAPI32.dll
0x00007ffa64540000 - 0x00007ffa645de000 	C:\WINDOWS\System32\msvcrt.dll
0x00007ffa64e70000 - 0x00007ffa64f0b000 	C:\WINDOWS\System32\sechost.dll
0x00007ffa645e0000 - 0x00007ffa6470a000 	C:\WINDOWS\System32\RPCRT4.dll
0x00007ffa63c60000 - 0x00007ffa63e00000 	C:\WINDOWS\System32\USER32.dll
0x00007ffa63930000 - 0x00007ffa63952000 	C:\WINDOWS\System32\win32u.dll
0x00007ffa65670000 - 0x00007ffa6569a000 	C:\WINDOWS\System32\GDI32.dll
0x00007ffa639f0000 - 0x00007ffa63afb000 	C:\WINDOWS\System32\gdi32full.dll
0x00007ffa63890000 - 0x00007ffa6392d000 	C:\WINDOWS\System32\msvcp_win.dll
0x00007ffa63330000 - 0x00007ffa63430000 	C:\WINDOWS\System32\ucrtbase.dll
0x00007ffa4f600000 - 0x00007ffa4f89a000 	C:\WINDOWS\WinSxS\amd64_microsoft.windows.common-controls_6595b64144ccf1df_6.0.19041.1110_none_60b5254171f9507e\COMCTL32.dll
0x00007ffa65b80000 - 0x00007ffa65bb0000 	C:\WINDOWS\System32\IMM32.DLL
0x00000000520b0000 - 0x0000000052182000 	C:\Program Files\Java\jdk1.8.0_241\jre\bin\msvcr100.dll
0x0000000051800000 - 0x00000000520ac000 	C:\Program Files\Java\jdk1.8.0_241\jre\bin\server\jvm.dll
0x00007ffa65b70000 - 0x00007ffa65b78000 	C:\WINDOWS\System32\PSAPI.DLL
0x00007ffa4e7f0000 - 0x00007ffa4e7f9000 	C:\WINDOWS\SYSTEM32\WSOCK32.dll
0x00007ffa59a30000 - 0x00007ffa59a3a000 	C:\WINDOWS\SYSTEM32\VERSION.dll
0x00007ffa4f370000 - 0x00007ffa4f397000 	C:\WINDOWS\SYSTEM32\WINMM.dll
0x00007ffa651a0000 - 0x00007ffa6520b000 	C:\WINDOWS\System32\WS2_32.dll
0x00007ffa59b70000 - 0x00007ffa59b7f000 	C:\Program Files\Java\jdk1.8.0_241\jre\bin\verify.dll
0x00007ffa30e90000 - 0x00007ffa30eb9000 	C:\Program Files\Java\jdk1.8.0_241\jre\bin\java.dll
0x00007ffa536f0000 - 0x00007ffa53706000 	C:\Program Files\Java\jdk1.8.0_241\jre\bin\zip.dll
0x00007ffa64710000 - 0x00007ffa64e4f000 	C:\WINDOWS\System32\SHELL32.dll
0x00007ffa61010000 - 0x00007ffa617a1000 	C:\WINDOWS\SYSTEM32\windows.storage.dll
0x00007ffa641e0000 - 0x00007ffa64535000 	C:\WINDOWS\System32\combase.dll
0x00007ffa62cc0000 - 0x00007ffa62cec000 	C:\WINDOWS\SYSTEM32\Wldp.dll
0x00007ffa640d0000 - 0x00007ffa6417e000 	C:\WINDOWS\System32\SHCORE.dll
0x00007ffa656a0000 - 0x00007ffa656f5000 	C:\WINDOWS\System32\shlwapi.dll
0x00007ffa63270000 - 0x00007ffa6328f000 	C:\WINDOWS\SYSTEM32\profapi.dll
0x00007ffa3b0c0000 - 0x00007ffa3b0ca000 	C:\Users\Simhachalam\Documents\Software\apache-maven-3.8.1-bin\apache-maven-3.8.1\lib\jansi-native\windows64\jansi.dll
0x00007ffa30e70000 - 0x00007ffa30e8a000 	C:\Program Files\Java\jdk1.8.0_241\jre\bin\net.dll
0x00007ffa62a30000 - 0x00007ffa62a9a000 	C:\WINDOWS\system32\mswsock.dll
0x00007ffa30e50000 - 0x00007ffa30e62000 	C:\Program Files\Java\jdk1.8.0_241\jre\bin\nio.dll

VM Arguments:
jvm_args: -Dclassworlds.conf=C:\Users\Simhachalam\Documents\Software\apache-maven-3.8.1-bin\apache-maven-3.8.1\bin\..\bin\m2.conf -Dmaven.home=C:\Users\Simhachalam\Documents\Software\apache-maven-3.8.1-bin\apache-maven-3.8.1\bin\.. -Dlibrary.jansi.path=C:\Users\Simhachalam\Documents\Software\apache-maven-3.8.1-bin\apache-maven-3.8.1\bin\..\lib\jansi-native -Dmaven.multiModuleProjectDirectory=C:\Users\Simhachalam\Downloads\Spring-Boot-docker-image\Spring-Boot-docker-image 
java_command: org.codehaus.plexus.classworlds.launcher.Launcher install
java_class_path (initial): C:\Users\Simhachalam\Documents\Software\apache-maven-3.8.1-bin\apache-maven-3.8.1\bin\..\boot\plexus-classworlds-2.6.0.jar
Launcher Type: SUN_STANDARD

Environment Variables:
JAVA_HOME=C:\Program Files\Java\jdk1.8.0_241\
PATH=C:\app\Simhachalam\product\18.0.0\dbhomeXE\bin;C:\Program Files (x86)\Common Files\Oracle\Java\javapath;C:\WINDOWS\system32;C:\WINDOWS;C:\WINDOWS\System32\Wbem;C:\WINDOWS\System32\WindowsPowerShell\v1.0\;C:\WINDOWS\System32\OpenSSH\;C:\Program Files\nodejs\;C:\Program Files\Docker\Docker\resources\bin;C:\ProgramData\DockerDesktop\version-bin;C:\Program Files\Amazon\AWSCLIV2\;C:\Program Files\MySQL\MySQL Shell 8.0\bin\;C:\Users\Simhachalam\Documents\Python_390\Scripts\;C:\Users\Simhachalam\Documents\Python_390\;C:\Program Files\Java\jdk1.8.0_241\bin;C:\Users\Simhachalam\AppData\Local\Programs\Microsoft VS Code\bin;C:\Program Files\Salesforce CLI\bin;C:\Users\Simhachalam\Documents\Software\apache-maven-3.8.1-bin\apache-maven-3.8.1\bin;;C:\Users\Simhachalam\AppData\Local\Microsoft\WindowsApps;C:\Users\Simhachalam\AppData\Roaming\npm
USERNAME=Simhachalam
OS=Windows_NT
PROCESSOR_IDENTIFIER=Intel64 Family 6 Model 78 Stepping 3, GenuineIntel



---------------  S Y S T E M  ---------------

OS: Windows 10.0 , 64 bit Build 19041 (10.0.19041.1023)

CPU:total 4 (initial active 4) (2 cores per cpu, 2 threads per core) family 6 model 78 stepping 3, cmov, cx8, fxsr, mmx, sse, sse2, sse3, ssse3, sse4.1, sse4.2, popcnt, avx, avx2, aes, clmul, erms, 3dnowpref, lzcnt, ht, tsc, tscinvbit, bmi1, bmi2, adx

Memory: 4k page, physical 12396924k(2764584k free), swap 16591228k(2260k free)

vm_info: Java HotSpot(TM) 64-Bit Server VM (25.241-b07) for windows-amd64 JRE (1.8.0_241-b07), built on Dec 11 2019 10:21:40 by "rejava" with MS VC++ 10.0 (VS2010)

time: Wed Sep 29 11:21:01 2021
timezone: India Standard Time
elapsed time: 11 seconds (0d 0h 0m 11s)

